[2025-03-22 15:06:13] Type: dubizzle-whatsapp, Data: {
    "id": "f6e06ab9b929411dadbe52a963815319",
    "enquirer": {
        "name": "Maryam",
        "phone_number": "971553224661",
        "contact_link": "https:\/\/dubai.dubizzle.com\/svc\/chat\/whatsapp\/api\/v1\/chat\/property\/f6e06ab9b929411dadbe52a963815319"
    },
    "received_at": "2025-03-22T05:20:22.000000Z",
    "listing": {
        "url": "https:\/\/dubizzle.com\/s\/DfBkf6J",
        "reference": "giproperties-17420815"
    }
}
[2025-03-22 15:07:31] Type: dubizzle-whatsapp, Data: {
    "id": "f6e06ab9b929411dadbe52a963815319",
    "enquirer": {
        "name": "Maryam",
        "phone_number": "971553224661",
        "contact_link": "https:\/\/dubai.dubizzle.com\/svc\/chat\/whatsapp\/api\/v1\/chat\/property\/f6e06ab9b929411dadbe52a963815319"
    },
    "received_at": "2025-03-22T05:20:22.000000Z",
    "listing": {
        "url": "https:\/\/dubizzle.com\/s\/DfBkf6J",
        "reference": "giproperties-17420815"
    }
}
[2025-03-22 15:10:43] Type: dubizzle-whatsapp, Data: {
    "id": "f6e06ab9b929411dadbe52a963815319",
    "enquirer": {
        "name": "Maryam",
        "phone_number": "971553224661",
        "contact_link": "https:\/\/dubai.dubizzle.com\/svc\/chat\/whatsapp\/api\/v1\/chat\/property\/f6e06ab9b929411dadbe52a963815319"
    },
    "received_at": "2025-03-22T05:20:22.000000Z",
    "listing": {
        "url": "https:\/\/dubizzle.com\/s\/DfBkf6J",
        "reference": "giproperties-17420815"
    }
}
